1697459590069	geckodriver	INFO	Listening on 127.0.0.1:11606
1697459592088	mozrunner::runner	INFO	Running command: "C:\\Program Files\\Mozilla Firefox\\firefox.exe" "--marionette" "--remote-debugging-port" "11607" "--remote-allow-hosts" "localhost" "-no-remote" "-profile" "C:\\Users\\ADMINI~1\\AppData\\Local\\Temp\\2\\rust_mozprofilezFqjq7"
console.warn: services.settings: Ignoring preference override of remote settings server
console.warn: services.settings: Allow by setting MOZ_REMOTE_SETTINGS_DEVTOOLS=1 in the environment
1697459592530	Marionette	INFO	Marionette enabled
Dynamically enable window occlusion 0
1697459592752	Marionette	INFO	Listening on port 11625
Read port: 11625
WebDriver BiDi listening on ws://127.0.0.1:11607
1697459592924	RemoteAgent	WARN	TLS certificate errors will be ignored for this session
DevTools listening on ws://127.0.0.1:11607/devtools/browser/230d672c-495c-4b5a-9c6b-e5ee942b2769
JavaScript warning: https://ob.cityrobotflower.com/i/516858f3f9efc799b493c6fec34c75df.js, line 1: WEBGL_debug_renderer_info is deprecated in Firefox and will be removed. Please use RENDERER.
JavaScript error: resource://gre/modules/XULStore.sys.mjs, line 60: Error: Can't find profile directory.
JavaScript warning: https://4c4cc75a16ed.cdn4.forter.com/sn/4c4cc75a16ed/script.js, line 1: Failed to create WebGL context: WebGL creation failed: 
* AllowWebgl2:false restricts context creation on this system. ()
JavaScript warning: https://4c4cc75a16ed.cdn4.forter.com/sn/4c4cc75a16ed/script.js, line 13: WEBGL_debug_renderer_info is deprecated in Firefox and will be removed. Please use RENDERER.
console.warn: LoginRecipes: "Falling back to a synchronous message for: https://www.upwork.com."
JavaScript error: , line 0: uncaught exception: Object
JavaScript error: , line 0: uncaught exception: Object
JavaScript warning: https://ob.cityrobotflower.com/i/516858f3f9efc799b493c6fec34c75df.js, line 1: WEBGL_debug_renderer_info is deprecated in Firefox and will be removed. Please use RENDERER.
JavaScript warning: https://4c4cc75a16ed.cdn4.forter.com/sn/4c4cc75a16ed/script.js, line 13: WEBGL_debug_renderer_info is deprecated in Firefox and will be removed. Please use RENDERER.
1697459640934	Marionette	INFO	Stopped listening on port 11625
JavaScript warning: https://www.upwork.com/nx/signup/ab/assets/Signup/signup-nuxt/app.2a77c60a.js, line 1168: Script terminated by timeout at:
sentryWrapped@https://www.upwork.com/nx/signup/ab/assets/Signup/signup-nuxt/app.2a77c60a.js:1168:34

Dynamically enable window occlusion 1
